<?xml version="1.0" encoding="UTF-8"?>
<coverage generated="1558675241159" clover="3.2.0">
  <project timestamp="1558675241159" name="All files">
    <metrics statements="30" coveredstatements="13" conditionals="4" coveredconditionals="0" methods="13" coveredmethods="7" elements="47" coveredelements="20" complexity="0" loc="30" ncloc="30" packages="1" files="3" classes="3"/>
    <file name="Home.js" path="/Users/martin/code/sims1/politico-react/src/components/container/Home.js">
      <metrics statements="3" coveredstatements="3" conditionals="0" coveredconditionals="0" methods="2" coveredmethods="2"/>
      <line num="5" count="1" type="stmt"/>
      <line num="6" count="1" type="stmt"/>
      <line num="9" count="1" type="stmt"/>
    </file>
    <file name="OfficeSidebar.js" path="/Users/martin/code/sims1/politico-react/src/components/container/OfficeSidebar.js">
      <metrics statements="7" coveredstatements="5" conditionals="0" coveredconditionals="0" methods="5" coveredmethods="3"/>
      <line num="7" count="1" type="stmt"/>
      <line num="8" count="1" type="stmt"/>
      <line num="13" count="1" type="stmt"/>
      <line num="14" count="1" type="stmt"/>
      <line num="15" count="0" type="stmt"/>
      <line num="21" count="1" type="stmt"/>
      <line num="29" count="0" type="stmt"/>
    </file>
    <file name="Signup.js" path="/Users/martin/code/sims1/politico-react/src/components/container/Signup.js">
      <metrics statements="20" coveredstatements="5" conditionals="4" coveredconditionals="0" methods="6" coveredmethods="2"/>
      <line num="10" count="1" type="stmt"/>
      <line num="11" count="1" type="stmt"/>
      <line num="15" count="1" type="stmt"/>
      <line num="16" count="1" type="stmt"/>
      <line num="19" count="0" type="stmt"/>
      <line num="20" count="0" type="stmt"/>
      <line num="21" count="0" type="stmt"/>
      <line num="22" count="0" type="stmt"/>
      <line num="24" count="0" type="stmt"/>
      <line num="27" count="0" type="cond" truecount="0" falsecount="2"/>
      <line num="28" count="0" type="stmt"/>
      <line num="29" count="0" type="stmt"/>
      <line num="30" count="0" type="stmt"/>
      <line num="31" count="0" type="stmt"/>
      <line num="32" count="0" type="stmt"/>
      <line num="33" count="0" type="stmt"/>
      <line num="34" count="0" type="stmt"/>
      <line num="38" count="0" type="cond" truecount="0" falsecount="2"/>
      <line num="39" count="0" type="stmt"/>
      <line num="45" count="1" type="stmt"/>
    </file>
  </project>
</coverage>
