{"/Users/martin/code/sims1/politico-react/src/components/container/Home.js": {"path":"/Users/martin/code/sims1/politico-react/src/components/container/Home.js","statementMap":{"0":{"start":{"line":5,"column":4},"end":{"line":5,"column":17}},"1":{"start":{"line":6,"column":4},"end":{"line":6,"column":20}},"2":{"start":{"line":9,"column":4},"end":{"line":18,"column":6}}},"fnMap":{"0":{"name":"(anonymous_0)","decl":{"start":{"line":4,"column":2},"end":{"line":4,"column":3}},"loc":{"start":{"line":4,"column":21},"end":{"line":7,"column":3}},"line":4},"1":{"name":"(anonymous_1)","decl":{"start":{"line":8,"column":2},"end":{"line":8,"column":3}},"loc":{"start":{"line":8,"column":11},"end":{"line":19,"column":3}},"line":8}},"branchMap":{},"s":{"0":1,"1":1,"2":1},"f":{"0":1,"1":1},"b":{},"_coverageSchema":"43e27e138ebf9cfc5966b082cf9a028302ed4184","hash":"e956cad82373797470fe94eac5e73388086844b6"}
,"/Users/martin/code/sims1/politico-react/src/components/container/OfficeSidebar.js": {"path":"/Users/martin/code/sims1/politico-react/src/components/container/OfficeSidebar.js","statementMap":{"0":{"start":{"line":7,"column":4},"end":{"line":7,"column":17}},"1":{"start":{"line":8,"column":4},"end":{"line":10,"column":6}},"2":{"start":{"line":13,"column":14},"end":{"line":13,"column":33}},"3":{"start":{"line":14,"column":4},"end":{"line":18,"column":7}},"4":{"start":{"line":15,"column":6},"end":{"line":17,"column":9}},"5":{"start":{"line":21,"column":4},"end":{"line":34,"column":6}},"6":{"start":{"line":29,"column":14},"end":{"line":29,"column":76}}},"fnMap":{"0":{"name":"(anonymous_0)","decl":{"start":{"line":6,"column":2},"end":{"line":6,"column":3}},"loc":{"start":{"line":6,"column":21},"end":{"line":11,"column":3}},"line":6},"1":{"name":"(anonymous_1)","decl":{"start":{"line":12,"column":2},"end":{"line":12,"column":3}},"loc":{"start":{"line":12,"column":22},"end":{"line":19,"column":3}},"line":12},"2":{"name":"(anonymous_2)","decl":{"start":{"line":14,"column":37},"end":{"line":14,"column":38}},"loc":{"start":{"line":14,"column":49},"end":{"line":18,"column":5}},"line":14},"3":{"name":"(anonymous_3)","decl":{"start":{"line":20,"column":2},"end":{"line":20,"column":3}},"loc":{"start":{"line":20,"column":11},"end":{"line":35,"column":3}},"line":20},"4":{"name":"(anonymous_4)","decl":{"start":{"line":28,"column":36},"end":{"line":28,"column":37}},"loc":{"start":{"line":29,"column":14},"end":{"line":29,"column":76}},"line":29}},"branchMap":{},"s":{"0":1,"1":1,"2":1,"3":1,"4":0,"5":1,"6":0},"f":{"0":1,"1":1,"2":0,"3":1,"4":0},"b":{},"_coverageSchema":"43e27e138ebf9cfc5966b082cf9a028302ed4184","hash":"dba4e852d56d216f5f343f823b1204aaefa69421"}
,"/Users/martin/code/sims1/politico-react/src/components/container/Signup.js": {"path":"/Users/martin/code/sims1/politico-react/src/components/container/Signup.js","statementMap":{"0":{"start":{"line":10,"column":4},"end":{"line":10,"column":17}},"1":{"start":{"line":11,"column":4},"end":{"line":14,"column":6}},"2":{"start":{"line":15,"column":4},"end":{"line":15,"column":53}},"3":{"start":{"line":16,"column":4},"end":{"line":16,"column":53}},"4":{"start":{"line":19,"column":4},"end":{"line":19,"column":27}},"5":{"start":{"line":20,"column":15},"end":{"line":20,"column":40}},"6":{"start":{"line":21,"column":14},"end":{"line":21,"column":37}},"7":{"start":{"line":22,"column":4},"end":{"line":22,"column":69}},"8":{"start":{"line":24,"column":4},"end":{"line":41,"column":9}},"9":{"start":{"line":27,"column":8},"end":{"line":35,"column":9}},"10":{"start":{"line":28,"column":10},"end":{"line":28,"column":36}},"11":{"start":{"line":29,"column":10},"end":{"line":29,"column":54}},"12":{"start":{"line":30,"column":10},"end":{"line":30,"column":68}},"13":{"start":{"line":31,"column":10},"end":{"line":31,"column":54}},"14":{"start":{"line":32,"column":10},"end":{"line":32,"column":63}},"15":{"start":{"line":33,"column":10},"end":{"line":33,"column":68}},"16":{"start":{"line":34,"column":10},"end":{"line":34,"column":39}},"17":{"start":{"line":38,"column":8},"end":{"line":40,"column":9}},"18":{"start":{"line":39,"column":10},"end":{"line":39,"column":60}},"19":{"start":{"line":45,"column":4},"end":{"line":148,"column":6}}},"fnMap":{"0":{"name":"(anonymous_0)","decl":{"start":{"line":9,"column":2},"end":{"line":9,"column":3}},"loc":{"start":{"line":9,"column":21},"end":{"line":17,"column":3}},"line":9},"1":{"name":"(anonymous_1)","decl":{"start":{"line":18,"column":2},"end":{"line":18,"column":3}},"loc":{"start":{"line":18,"column":22},"end":{"line":42,"column":3}},"line":18},"2":{"name":"(anonymous_2)","decl":{"start":{"line":26,"column":12},"end":{"line":26,"column":13}},"loc":{"start":{"line":26,"column":24},"end":{"line":36,"column":7}},"line":26},"3":{"name":"(anonymous_3)","decl":{"start":{"line":37,"column":13},"end":{"line":37,"column":14}},"loc":{"start":{"line":37,"column":22},"end":{"line":41,"column":7}},"line":37},"4":{"name":"(anonymous_4)","decl":{"start":{"line":43,"column":2},"end":{"line":43,"column":3}},"loc":{"start":{"line":43,"column":22},"end":{"line":43,"column":24}},"line":43},"5":{"name":"(anonymous_5)","decl":{"start":{"line":44,"column":2},"end":{"line":44,"column":3}},"loc":{"start":{"line":44,"column":11},"end":{"line":149,"column":3}},"line":44}},"branchMap":{"0":{"loc":{"start":{"line":27,"column":8},"end":{"line":35,"column":9}},"type":"if","locations":[{"start":{"line":27,"column":8},"end":{"line":35,"column":9}},{"start":{"line":27,"column":8},"end":{"line":35,"column":9}}],"line":27},"1":{"loc":{"start":{"line":38,"column":8},"end":{"line":40,"column":9}},"type":"if","locations":[{"start":{"line":38,"column":8},"end":{"line":40,"column":9}},{"start":{"line":38,"column":8},"end":{"line":40,"column":9}}],"line":38}},"s":{"0":1,"1":1,"2":1,"3":1,"4":0,"5":0,"6":0,"7":0,"8":0,"9":0,"10":0,"11":0,"12":0,"13":0,"14":0,"15":0,"16":0,"17":0,"18":0,"19":1},"f":{"0":1,"1":0,"2":0,"3":0,"4":0,"5":1},"b":{"0":[0,0],"1":[0,0]},"_coverageSchema":"43e27e138ebf9cfc5966b082cf9a028302ed4184","hash":"76e7013b0880d8c75396e009725af1cbb7a7391b"}
}
